<?xml version="1.0" encoding="UTF-8"?>
<!-- Generated by org.testng.reporters.JUnitReportReporter -->
<testsuite hostname="Pragti" failures="0" tests="2" name="pac.NewTest" time="0.237" errors="0" timestamp="2024-11-25T12:31:10 IST" skipped="0">
  <testcase classname="pac.NewTest" name="firTest" time="0.221"/>
  <testcase classname="pac.NewTest" name="secTest" time="0.016"/>
</testsuite> <!-- pac.NewTest -->
