<?xml version="1.0" encoding="UTF-8"?>
<!-- Generated by org.testng.reporters.JUnitReportReporter -->
<testsuite hostname="Pragti" failures="0" tests="2" name="pac.New2Test" time="0.032" errors="0" timestamp="2024-11-25T12:31:10 IST" skipped="0">
  <testcase classname="pac.New2Test" name="firTest" time="0.012"/>
  <testcase classname="pac.New2Test" name="secTest" time="0.020"/>
</testsuite> <!-- pac.New2Test -->
